Command line invocation:
    /Applications/Xcode.app/Contents/Developer/usr/bin/xcodebuild build -scheme Purge -destination "platform=iOS Simulator,name=iPhone 17"

2026-04-13 21:32:27.019 xcodebuild[7852:12287329] [MT] IDERunDestination: Supported platforms for the buildables in the current scheme is empty.
ComputePackagePrebuildTargetDependencyGraph

Prepare packages

CreateBuildRequest

SendProjectDescription

CreateBuildOperation

ComputeTargetDependencyGraph
note: Building targets in dependency order
note: Target dependency graph (1 target)
    Target 'Purge' in project 'Purge' (no dependencies)

GatherProvisioningInputs

CreateBuildDescription

ExecuteExternalTool /Applications/Xcode.app/Contents/Developer/Toolchains/XcodeDefault.xctoolchain/usr/bin/clang -v -E -dM -isysroot /Applications/Xcode.app/Contents/Developer/Platforms/iPhoneSimulator.platform/Developer/SDKs/iPhoneSimulator26.2.sdk -x c -c /dev/null

ExecuteExternalTool /Applications/Xcode.app/Contents/Developer/usr/bin/actool --print-asset-tag-combinations --output-format xml1 /Users/lucasscariot/goinfre/Purge/Purge/Assets.xcassets

ExecuteExternalTool /Applications/Xcode.app/Contents/Developer/usr/bin/actool --version --output-format xml1

ExecuteExternalTool /Applications/Xcode.app/Contents/Developer/Toolchains/XcodeDefault.xctoolchain/usr/bin/swiftc --version

ExecuteExternalTool /Applications/Xcode.app/Contents/Developer/Toolchains/XcodeDefault.xctoolchain/usr/bin/ld -version_details

Build description signature: 7194322b186616f1afb2bda93c53f851
Build description path: /Users/lucasscariot/Library/Developer/Xcode/DerivedData/Purge-eazefziogpmyftbprmddsipxxtpr/Build/Intermediates.noindex/XCBuildData/7194322b186616f1afb2bda93c53f851.xcbuilddata
ProcessProductPackaging "" /Users/lucasscariot/Library/Developer/Xcode/DerivedData/Purge-eazefziogpmyftbprmddsipxxtpr/Build/Intermediates.noindex/Purge.build/Debug-iphonesimulator/Purge.build/Purge.app-Simulated.xcent (in target 'Purge' from project 'Purge')
    cd /Users/lucasscariot/goinfre/Purge
    
    Entitlements:
    
    {
    "application-identifier" = "9Y5725VBNY.fr.scariot.lucas.Purge";
}
    
    builtin-productPackagingUtility -entitlements -format xml -o /Users/lucasscariot/Library/Developer/Xcode/DerivedData/Purge-eazefziogpmyftbprmddsipxxtpr/Build/Intermediates.noindex/Purge.build/Debug-iphonesimulator/Purge.build/Purge.app-Simulated.xcent

ProcessProductPackagingDER /Users/lucasscariot/Library/Developer/Xcode/DerivedData/Purge-eazefziogpmyftbprmddsipxxtpr/Build/Intermediates.noindex/Purge.build/Debug-iphonesimulator/Purge.build/Purge.app-Simulated.xcent /Users/lucasscariot/Library/Developer/Xcode/DerivedData/Purge-eazefziogpmyftbprmddsipxxtpr/Build/Intermediates.noindex/Purge.build/Debug-iphonesimulator/Purge.build/Purge.app-Simulated.xcent.der (in target 'Purge' from project 'Purge')
    cd /Users/lucasscariot/goinfre/Purge
    /usr/bin/derq query -f xml -i /Users/lucasscariot/Library/Developer/Xcode/DerivedData/Purge-eazefziogpmyftbprmddsipxxtpr/Build/Intermediates.noindex/Purge.build/Debug-iphonesimulator/Purge.build/Purge.app-Simulated.xcent -o /Users/lucasscariot/Library/Developer/Xcode/DerivedData/Purge-eazefziogpmyftbprmddsipxxtpr/Build/Intermediates.noindex/Purge.build/Debug-iphonesimulator/Purge.build/Purge.app-Simulated.xcent.der --raw

ClangStatCache /Applications/Xcode.app/Contents/Developer/Toolchains/XcodeDefault.xctoolchain/usr/bin/clang-stat-cache /Applications/Xcode.app/Contents/Developer/Platforms/iPhoneSimulator.platform/Developer/SDKs/iPhoneSimulator26.2.sdk /Users/lucasscariot/Library/Developer/Xcode/DerivedData/SDKStatCaches.noindex/iphonesimulator26.2-23C53-7d00a8b37fbd7999ea79df8ebc024bf0.sdkstatcache
    cd /Users/lucasscariot/goinfre/Purge/Purge.xcodeproj
    /Applications/Xcode.app/Contents/Developer/Toolchains/XcodeDefault.xctoolchain/usr/bin/clang-stat-cache /Applications/Xcode.app/Contents/Developer/Platforms/iPhoneSimulator.platform/Developer/SDKs/iPhoneSimulator26.2.sdk -o /Users/lucasscariot/Library/Developer/Xcode/DerivedData/SDKStatCaches.noindex/iphonesimulator26.2-23C53-7d00a8b37fbd7999ea79df8ebc024bf0.sdkstatcache

Ld /Users/lucasscariot/Library/Developer/Xcode/DerivedData/Purge-eazefziogpmyftbprmddsipxxtpr/Build/Products/Debug-iphonesimulator/Purge.app/Purge.debug.dylib normal (in target 'Purge' from project 'Purge')
    cd /Users/lucasscariot/goinfre/Purge
    /Applications/Xcode.app/Contents/Developer/Toolchains/XcodeDefault.xctoolchain/usr/bin/clang -Xlinker -reproducible -target arm64-apple-ios26.2-simulator -dynamiclib -isysroot /Applications/Xcode.app/Contents/Developer/Platforms/iPhoneSimulator.platform/Developer/SDKs/iPhoneSimulator26.2.sdk -O0 -L/Users/lucasscariot/Library/Developer/Xcode/DerivedData/Purge-eazefziogpmyftbprmddsipxxtpr/Build/Intermediates.noindex/EagerLinkingTBDs/Debug-iphonesimulator -L/Users/lucasscariot/Library/Developer/Xcode/DerivedData/Purge-eazefziogpmyftbprmddsipxxtpr/Build/Products/Debug-iphonesimulator -F/Users/lucasscariot/Library/Developer/Xcode/DerivedData/Purge-eazefziogpmyftbprmddsipxxtpr/Build/Intermediates.noindex/EagerLinkingTBDs/Debug-iphonesimulator -F/Users/lucasscariot/Library/Developer/Xcode/DerivedData/Purge-eazefziogpmyftbprmddsipxxtpr/Build/Products/Debug-iphonesimulator -filelist /Users/lucasscariot/Library/Developer/Xcode/DerivedData/Purge-eazefziogpmyftbprmddsipxxtpr/Build/Intermediates.noindex/Purge.build/Debug-iphonesimulator/Purge.build/Objects-normal/arm64/Purge.LinkFileList -install_name @rpath/Purge.debug.dylib -Xlinker -rpath -Xlinker @executable_path/Frameworks -dead_strip -Xlinker -object_path_lto -Xlinker /Users/lucasscariot/Library/Developer/Xcode/DerivedData/Purge-eazefziogpmyftbprmddsipxxtpr/Build/Intermediates.noindex/Purge.build/Debug-iphonesimulator/Purge.build/Objects-normal/arm64/Purge_lto.o -rdynamic -Xlinker -no_deduplicate -Xlinker -objc_abi_version -Xlinker 2 -Xlinker -dependency_info -Xlinker /Users/lucasscariot/Library/Developer/Xcode/DerivedData/Purge-eazefziogpmyftbprmddsipxxtpr/Build/Intermediates.noindex/Purge.build/Debug-iphonesimulator/Purge.build/Objects-normal/arm64/Purge_dependency_info.dat -fobjc-link-runtime -L/Applications/Xcode.app/Contents/Developer/Toolchains/XcodeDefault.xctoolchain/usr/lib/swift/iphonesimulator -L/usr/lib/swift -Xlinker -add_ast_path -Xlinker /Users/lucasscariot/Library/Developer/Xcode/DerivedData/Purge-eazefziogpmyftbprmddsipxxtpr/Build/Intermediates.noindex/Purge.build/Debug-iphonesimulator/Purge.build/Objects-normal/arm64/Purge.swiftmodule @/Users/lucasscariot/Library/Developer/Xcode/DerivedData/Purge-eazefziogpmyftbprmddsipxxtpr/Build/Intermediates.noindex/Purge.build/Debug-iphonesimulator/Purge.build/Objects-normal/arm64/Purge-linker-args.resp -Xlinker -alias -Xlinker _main -Xlinker ___debug_main_executable_dylib_entry_point -Xlinker -no_adhoc_codesign -o /Users/lucasscariot/Library/Developer/Xcode/DerivedData/Purge-eazefziogpmyftbprmddsipxxtpr/Build/Products/Debug-iphonesimulator/Purge.app/Purge.debug.dylib

ConstructStubExecutorLinkFileList /Users/lucasscariot/Library/Developer/Xcode/DerivedData/Purge-eazefziogpmyftbprmddsipxxtpr/Build/Intermediates.noindex/Purge.build/Debug-iphonesimulator/Purge.build/Purge-ExecutorLinkFileList-normal-arm64.txt (in target 'Purge' from project 'Purge')
    cd /Users/lucasscariot/goinfre/Purge
    construct-stub-executor-link-file-list /Users/lucasscariot/Library/Developer/Xcode/DerivedData/Purge-eazefziogpmyftbprmddsipxxtpr/Build/Products/Debug-iphonesimulator/Purge.app/Purge.debug.dylib /Applications/Xcode.app/Contents/Developer/Platforms/iPhoneSimulator.platform/Developer/usr/lib/libPreviewsJITStubExecutor_no_swift_entry_point.a /Applications/Xcode.app/Contents/Developer/Platforms/iPhoneSimulator.platform/Developer/usr/lib/libPreviewsJITStubExecutor.a --output /Users/lucasscariot/Library/Developer/Xcode/DerivedData/Purge-eazefziogpmyftbprmddsipxxtpr/Build/Intermediates.noindex/Purge.build/Debug-iphonesimulator/Purge.build/Purge-ExecutorLinkFileList-normal-arm64.txt
note: Using stub executor library with Swift entry point. (in target 'Purge' from project 'Purge')

Ld /Users/lucasscariot/Library/Developer/Xcode/DerivedData/Purge-eazefziogpmyftbprmddsipxxtpr/Build/Products/Debug-iphonesimulator/Purge.app/Purge normal (in target 'Purge' from project 'Purge')
    cd /Users/lucasscariot/goinfre/Purge
    /Applications/Xcode.app/Contents/Developer/Toolchains/XcodeDefault.xctoolchain/usr/bin/clang -Xlinker -reproducible -target arm64-apple-ios26.2-simulator -isysroot /Applications/Xcode.app/Contents/Developer/Platforms/iPhoneSimulator.platform/Developer/SDKs/iPhoneSimulator26.2.sdk -O0 -L/Users/lucasscariot/Library/Developer/Xcode/DerivedData/Purge-eazefziogpmyftbprmddsipxxtpr/Build/Products/Debug-iphonesimulator -F/Users/lucasscariot/Library/Developer/Xcode/DerivedData/Purge-eazefziogpmyftbprmddsipxxtpr/Build/Products/Debug-iphonesimulator -Xlinker -rpath -Xlinker @executable_path -Xlinker -rpath -Xlinker @executable_path/Frameworks -rdynamic -Xlinker -no_deduplicate -Xlinker -objc_abi_version -Xlinker 2 -e ___debug_blank_executor_main -Xlinker -sectcreate -Xlinker __TEXT -Xlinker __debug_dylib -Xlinker /Users/lucasscariot/Library/Developer/Xcode/DerivedData/Purge-eazefziogpmyftbprmddsipxxtpr/Build/Intermediates.noindex/Purge.build/Debug-iphonesimulator/Purge.build/Purge-DebugDylibPath-normal-arm64.txt -Xlinker -sectcreate -Xlinker __TEXT -Xlinker __debug_instlnm -Xlinker /Users/lucasscariot/Library/Developer/Xcode/DerivedData/Purge-eazefziogpmyftbprmddsipxxtpr/Build/Intermediates.noindex/Purge.build/Debug-iphonesimulator/Purge.build/Purge-DebugDylibInstallName-normal-arm64.txt -Xlinker -filelist -Xlinker /Users/lucasscariot/Library/Developer/Xcode/DerivedData/Purge-eazefziogpmyftbprmddsipxxtpr/Build/Intermediates.noindex/Purge.build/Debug-iphonesimulator/Purge.build/Purge-ExecutorLinkFileList-normal-arm64.txt -Xlinker -sectcreate -Xlinker __TEXT -Xlinker __entitlements -Xlinker /Users/lucasscariot/Library/Developer/Xcode/DerivedData/Purge-eazefziogpmyftbprmddsipxxtpr/Build/Intermediates.noindex/Purge.build/Debug-iphonesimulator/Purge.build/Purge.app-Simulated.xcent -Xlinker -sectcreate -Xlinker __TEXT -Xlinker __ents_der -Xlinker /Users/lucasscariot/Library/Developer/Xcode/DerivedData/Purge-eazefziogpmyftbprmddsipxxtpr/Build/Intermediates.noindex/Purge.build/Debug-iphonesimulator/Purge.build/Purge.app-Simulated.xcent.der /Users/lucasscariot/Library/Developer/Xcode/DerivedData/Purge-eazefziogpmyftbprmddsipxxtpr/Build/Products/Debug-iphonesimulator/Purge.app/Purge.debug.dylib -Xlinker -no_adhoc_codesign -o /Users/lucasscariot/Library/Developer/Xcode/DerivedData/Purge-eazefziogpmyftbprmddsipxxtpr/Build/Products/Debug-iphonesimulator/Purge.app/Purge

ExtractAppIntentsMetadata (in target 'Purge' from project 'Purge')
    cd /Users/lucasscariot/goinfre/Purge
    /Applications/Xcode.app/Contents/Developer/Toolchains/XcodeDefault.xctoolchain/usr/bin/appintentsmetadataprocessor --toolchain-dir /Applications/Xcode.app/Contents/Developer/Toolchains/XcodeDefault.xctoolchain --module-name Purge --sdk-root /Applications/Xcode.app/Contents/Developer/Platforms/iPhoneSimulator.platform/Developer/SDKs/iPhoneSimulator26.2.sdk --xcode-version 17C52 --platform-family iOS --deployment-target 26.2 --bundle-identifier fr.scariot.lucas.Purge --output /Users/lucasscariot/Library/Developer/Xcode/DerivedData/Purge-eazefziogpmyftbprmddsipxxtpr/Build/Products/Debug-iphonesimulator/Purge.app --target-triple arm64-apple-ios26.2-simulator --binary-file /Users/lucasscariot/Library/Developer/Xcode/DerivedData/Purge-eazefziogpmyftbprmddsipxxtpr/Build/Products/Debug-iphonesimulator/Purge.app/Purge --dependency-file /Users/lucasscariot/Library/Developer/Xcode/DerivedData/Purge-eazefziogpmyftbprmddsipxxtpr/Build/Intermediates.noindex/Purge.build/Debug-iphonesimulator/Purge.build/Objects-normal/arm64/Purge_dependency_info.dat --stringsdata-file /Users/lucasscariot/Library/Developer/Xcode/DerivedData/Purge-eazefziogpmyftbprmddsipxxtpr/Build/Intermediates.noindex/Purge.build/Debug-iphonesimulator/Purge.build/Objects-normal/arm64/ExtractedAppShortcutsMetadata.stringsdata --source-file-list /Users/lucasscariot/Library/Developer/Xcode/DerivedData/Purge-eazefziogpmyftbprmddsipxxtpr/Build/Intermediates.noindex/Purge.build/Debug-iphonesimulator/Purge.build/Objects-normal/arm64/Purge.SwiftFileList --metadata-file-list /Users/lucasscariot/Library/Developer/Xcode/DerivedData/Purge-eazefziogpmyftbprmddsipxxtpr/Build/Intermediates.noindex/Purge.build/Debug-iphonesimulator/Purge.build/Purge.DependencyMetadataFileList --static-metadata-file-list /Users/lucasscariot/Library/Developer/Xcode/DerivedData/Purge-eazefziogpmyftbprmddsipxxtpr/Build/Intermediates.noindex/Purge.build/Debug-iphonesimulator/Purge.build/Purge.DependencyStaticMetadataFileList --swift-const-vals-list /Users/lucasscariot/Library/Developer/Xcode/DerivedData/Purge-eazefziogpmyftbprmddsipxxtpr/Build/Intermediates.noindex/Purge.build/Debug-iphonesimulator/Purge.build/Objects-normal/arm64/Purge.SwiftConstValuesFileList --compile-time-extraction --deployment-aware-processing --validate-assistant-intents --no-app-shortcuts-localization
2026-04-13 21:32:28.088 appintentsmetadataprocessor[7874:12287507] Starting appintentsmetadataprocessor export
2026-04-13 21:32:28.089 appintentsmetadataprocessor[7874:12287507] warning: Metadata extraction skipped. No AppIntents.framework dependency found.

ProcessInfoPlistFile /Users/lucasscariot/Library/Developer/Xcode/DerivedData/Purge-eazefziogpmyftbprmddsipxxtpr/Build/Products/Debug-iphonesimulator/Purge.app/Info.plist /Users/lucasscariot/Library/Developer/Xcode/DerivedData/Purge-eazefziogpmyftbprmddsipxxtpr/Build/Intermediates.noindex/Purge.build/Debug-iphonesimulator/Purge.build/empty-Purge.plist (in target 'Purge' from project 'Purge')
    cd /Users/lucasscariot/goinfre/Purge
    builtin-infoPlistUtility /Users/lucasscariot/Library/Developer/Xcode/DerivedData/Purge-eazefziogpmyftbprmddsipxxtpr/Build/Intermediates.noindex/Purge.build/Debug-iphonesimulator/Purge.build/empty-Purge.plist -producttype com.apple.product-type.application -genpkginfo /Users/lucasscariot/Library/Developer/Xcode/DerivedData/Purge-eazefziogpmyftbprmddsipxxtpr/Build/Products/Debug-iphonesimulator/Purge.app/PkgInfo -expandbuildsettings -format binary -platform iphonesimulator -additionalcontentfile /Users/lucasscariot/Library/Developer/Xcode/DerivedData/Purge-eazefziogpmyftbprmddsipxxtpr/Build/Intermediates.noindex/Purge.build/Debug-iphonesimulator/Purge.build/assetcatalog_generated_info.plist -o /Users/lucasscariot/Library/Developer/Xcode/DerivedData/Purge-eazefziogpmyftbprmddsipxxtpr/Build/Products/Debug-iphonesimulator/Purge.app/Info.plist

CopySwiftLibs /Users/lucasscariot/Library/Developer/Xcode/DerivedData/Purge-eazefziogpmyftbprmddsipxxtpr/Build/Products/Debug-iphonesimulator/Purge.app (in target 'Purge' from project 'Purge')
    cd /Users/lucasscariot/goinfre/Purge
    builtin-swiftStdLibTool --copy --verbose --sign - --scan-executable /Users/lucasscariot/Library/Developer/Xcode/DerivedData/Purge-eazefziogpmyftbprmddsipxxtpr/Build/Products/Debug-iphonesimulator/Purge.app/Purge.debug.dylib --scan-folder /Users/lucasscariot/Library/Developer/Xcode/DerivedData/Purge-eazefziogpmyftbprmddsipxxtpr/Build/Products/Debug-iphonesimulator/Purge.app/Frameworks --scan-folder /Users/lucasscariot/Library/Developer/Xcode/DerivedData/Purge-eazefziogpmyftbprmddsipxxtpr/Build/Products/Debug-iphonesimulator/Purge.app/PlugIns --scan-folder /Users/lucasscariot/Library/Developer/Xcode/DerivedData/Purge-eazefziogpmyftbprmddsipxxtpr/Build/Products/Debug-iphonesimulator/Purge.app/SystemExtensions --scan-folder /Users/lucasscariot/Library/Developer/Xcode/DerivedData/Purge-eazefziogpmyftbprmddsipxxtpr/Build/Products/Debug-iphonesimulator/Purge.app/Extensions --platform iphonesimulator --toolchain /Applications/Xcode.app/Contents/Developer/Toolchains/XcodeDefault.xctoolchain --destination /Users/lucasscariot/Library/Developer/Xcode/DerivedData/Purge-eazefziogpmyftbprmddsipxxtpr/Build/Products/Debug-iphonesimulator/Purge.app/Frameworks --strip-bitcode --strip-bitcode-tool /Applications/Xcode.app/Contents/Developer/Toolchains/XcodeDefault.xctoolchain/usr/bin/bitcode_strip --emit-dependency-info /Users/lucasscariot/Library/Developer/Xcode/DerivedData/Purge-eazefziogpmyftbprmddsipxxtpr/Build/Intermediates.noindex/Purge.build/Debug-iphonesimulator/Purge.build/SwiftStdLibToolInputDependencies.dep --filter-for-swift-os

CodeSign /Users/lucasscariot/Library/Developer/Xcode/DerivedData/Purge-eazefziogpmyftbprmddsipxxtpr/Build/Products/Debug-iphonesimulator/Purge.app/Purge.debug.dylib (in target 'Purge' from project 'Purge')
    cd /Users/lucasscariot/goinfre/Purge
    
    Signing Identity:     "Sign to Run Locally"
    
    /usr/bin/codesign --force --sign - --timestamp\=none --generate-entitlement-der /Users/lucasscariot/Library/Developer/Xcode/DerivedData/Purge-eazefziogpmyftbprmddsipxxtpr/Build/Products/Debug-iphonesimulator/Purge.app/Purge.debug.dylib

CodeSign /Users/lucasscariot/Library/Developer/Xcode/DerivedData/Purge-eazefziogpmyftbprmddsipxxtpr/Build/Products/Debug-iphonesimulator/Purge.app (in target 'Purge' from project 'Purge')
    cd /Users/lucasscariot/goinfre/Purge
    
    Signing Identity:     "Sign to Run Locally"
    
    /usr/bin/codesign --force --sign - --timestamp\=none --generate-entitlement-der /Users/lucasscariot/Library/Developer/Xcode/DerivedData/Purge-eazefziogpmyftbprmddsipxxtpr/Build/Products/Debug-iphonesimulator/Purge.app

Validate /Users/lucasscariot/Library/Developer/Xcode/DerivedData/Purge-eazefziogpmyftbprmddsipxxtpr/Build/Products/Debug-iphonesimulator/Purge.app (in target 'Purge' from project 'Purge')
    cd /Users/lucasscariot/goinfre/Purge
    builtin-validationUtility /Users/lucasscariot/Library/Developer/Xcode/DerivedData/Purge-eazefziogpmyftbprmddsipxxtpr/Build/Products/Debug-iphonesimulator/Purge.app -shallow-bundle -infoplist-subpath Info.plist

** BUILD SUCCEEDED **

